2019-08-20 04:12:18 INFO  User:44 - New user registered:
	Name: Pris Golding
	Username: pgolding0
	Email: pgolding0@npr.org
	ID Number: 0
	Role: EMPLOYEE
2019-08-20 04:12:20 INFO  User:44 - New user registered:
	Name: Rooney Pettitt
	Username: rpettitt1
	Email: rpettitt1@baidu.com
	ID Number: 0
	Role: EMPLOYEE
2019-08-20 04:12:22 INFO  User:44 - New user registered:
	Name: Sarajane Nardi
	Username: snardi2
	Email: snardi2@buzzfeed.com
	ID Number: 0
	Role: EMPLOYEE
2019-08-20 04:12:25 INFO  User:44 - New user registered:
	Name: Hephzibah Dymock
	Username: hdymock3
	Email: hdymock3@redcross.org
	ID Number: 0
	Role: EMPLOYEE
2019-08-20 04:12:27 INFO  User:44 - New user registered:
	Name: Elenore Gerbel
	Username: egerbel4
	Email: egerbel4@angelfire.com
	ID Number: 0
	Role: EMPLOYEE
2019-08-20 04:12:30 INFO  User:44 - New user registered:
	Name: Edna Moran
	Username: emoran5
	Email: emoran5@ft.com
	ID Number: 0
	Role: FINANCE MANAGER
2019-08-20 04:12:33 INFO  User:44 - New user registered:
	Name: Graig Raynor
	Username: graynor6
	Email: graynor6@chron.com
	ID Number: 0
	Role: FINANCE MANAGER
2019-08-20 04:12:35 INFO  User:44 - New user registered:
	Name: Sheena Arkell
	Username: sarkell7
	Email: sarkell7@instagram.com
	ID Number: 0
	Role: EMPLOYEE
2019-08-20 04:13:00 INFO  User:44 - New user registered:
	Name: Rudie Springate
	Username: rspringate8
	Email: rspringate8@opensource.org
	ID Number: 0
	Role: EMPLOYEE
2019-08-20 04:13:13 INFO  User:44 - New user registered:
	Name: Gottfried Patterson
	Username: gpatterson9
	Email: gpatterson9@statcounter.com
	ID Number: 0
	Role: EMPLOYEE
2019-08-20 04:14:32 INFO  User:44 - New user registered:
	Name: Pris Golding
	Username: pgolding0
	Email: pgolding0@npr.org
	ID Number: 0
	Role: EMPLOYEE
2019-08-20 04:14:35 INFO  User:44 - New user registered:
	Name: Rooney Pettitt
	Username: rpettitt1
	Email: rpettitt1@baidu.com
	ID Number: 0
	Role: EMPLOYEE
2019-08-20 04:14:37 INFO  User:44 - New user registered:
	Name: Sarajane Nardi
	Username: snardi2
	Email: snardi2@buzzfeed.com
	ID Number: 0
	Role: EMPLOYEE
2019-08-20 04:14:39 INFO  User:44 - New user registered:
	Name: Hephzibah Dymock
	Username: hdymock3
	Email: hdymock3@redcross.org
	ID Number: 0
	Role: EMPLOYEE
2019-08-20 04:14:41 INFO  User:44 - New user registered:
	Name: Elenore Gerbel
	Username: egerbel4
	Email: egerbel4@angelfire.com
	ID Number: 0
	Role: EMPLOYEE
2019-08-20 04:14:43 INFO  User:44 - New user registered:
	Name: Edna Moran
	Username: emoran5
	Email: emoran5@ft.com
	ID Number: 0
	Role: FINANCE MANAGER
2019-08-20 04:14:45 INFO  User:44 - New user registered:
	Name: Graig Raynor
	Username: graynor6
	Email: graynor6@chron.com
	ID Number: 0
	Role: FINANCE MANAGER
2019-08-20 04:14:47 INFO  User:44 - New user registered:
	Name: Sheena Arkell
	Username: sarkell7
	Email: sarkell7@instagram.com
	ID Number: 0
	Role: EMPLOYEE
2019-08-20 04:14:49 INFO  User:44 - New user registered:
	Name: Rudie Springate
	Username: rspringate8
	Email: rspringate8@opensource.org
	ID Number: 0
	Role: EMPLOYEE
2019-08-20 04:14:50 INFO  User:44 - New user registered:
	Name: Gottfried Patterson
	Username: gpatterson9
	Email: gpatterson9@statcounter.com
	ID Number: 0
	Role: EMPLOYEE
